Using pre-set license
Built from '2020.3/staging' branch; Version is '2020.3.5f1 (8095aa901b9b) revision 8426922'; Using compiler version '192528614'; Build Type 'Release'
OS: 'Windows 10 Home Single Language; OS build 19041.1110; Version 2004; 64bit' Language: 'pt' Physical Memory: 4006 MB
BatchMode: 1, IsHumanControllingUs: 0, StartBugReporterOnCrash: 0, Is64bit: 1, IsPro: 0

 COMMAND LINE ARGUMENTS:
C:\Program Files\Unity\2020.3.5f1\Editor\Unity.exe
-adb2
-batchMode
-noUpm
-name
AssetImportWorker5
-projectPath
C:/Users/Pedro/Documents/GitHub/Pacman
-logFile
Logs/AssetImportWorker5.log
-srvPort
61581
Successfully changed project path to: C:/Users/Pedro/Documents/GitHub/Pacman
C:/Users/Pedro/Documents/GitHub/Pacman
Using Asset Import Pipeline V2.
Refreshing native plugins compatible for Editor in 287.74 ms, found 1 plugins.
Preloading 0 native plugins for Editor in 0.00 ms.
Initialize engine version: 2020.3.5f1 (8095aa901b9b)
[Subsystems] Discovering subsystems at path C:/Program Files/Unity/2020.3.5f1/Editor/Data/Resources/UnitySubsystems
[Subsystems] Discovering subsystems at path C:/Users/Pedro/Documents/GitHub/Pacman/Assets
GfxDevice: creating device client; threaded=0
Direct3D:
    Version:  Direct3D 11.0 [level 11.1]
    Renderer: Intel(R) HD Graphics 5500 (ID=0x1616)
    Vendor:   
    VRAM:     2003 MB
Initialize mono
Mono path[0] = 'C:/Program Files/Unity/2020.3.5f1/Editor/Data/Managed'
Mono path[1] = 'C:/Program Files/Unity/2020.3.5f1/Editor/Data/MonoBleedingEdge/lib/mono/unityjit'
Mono config path = 'C:/Program Files/Unity/2020.3.5f1/Editor/Data/MonoBleedingEdge/etc'
Using monoOptions --debugger-agent=transport=dt_socket,embedding=1,server=y,suspend=n,address=127.0.0.1:56468
Begin MonoManager ReloadAssembly
Registering precompiled unity dll's ...
Register platform support module: C:/Program Files/Unity/2020.3.5f1/Editor/Data/PlaybackEngines/WebGLSupport/UnityEditor.WebGL.Extensions.dll
Register platform support module: C:/Program Files/Unity/2020.3.5f1/Editor/Data/PlaybackEngines/WindowsStandaloneSupport/UnityEditor.WindowsStandalone.Extensions.dll
Registered in 0.003504 seconds.
Native extension for WindowsStandalone target not found
Native extension for WebGL target not found
Refreshing native plugins compatible for Editor in 73.63 ms, found 1 plugins.
Preloading 0 native plugins for Editor in 0.00 ms.
Mono: successfully reloaded assembly
- Completed reload, in  1.738 seconds
Platform modules already initialized, skipping
Registering precompiled user dll's ...
Registered in 0.003619 seconds.
Begin MonoManager ReloadAssembly
Native extension for WindowsStandalone target not found
Native extension for WebGL target not found
Refreshing native plugins compatible for Editor in 68.89 ms, found 1 plugins.
Preloading 0 native plugins for Editor in 0.00 ms.
Mono: successfully reloaded assembly
- Completed reload, in  2.864 seconds
Platform modules already initialized, skipping
========================================================================
Worker process is ready to serve import requests
Launched and connected shader compiler UnityShaderCompiler.exe after 0.31 seconds
Refreshing native plugins compatible for Editor in 1.24 ms, found 1 plugins.
Preloading 0 native plugins for Editor in 0.00 ms.
Unloading 2230 Unused Serialized files (Serialized files now loaded: 0)
System memory in use before: 97.9 MB.
System memory in use after: 97.8 MB.

Unloading 45 unused Assets to reduce memory usage. Loaded Objects now: 2658.
Total: 3.865800 ms (FindLiveObjects: 0.321000 ms CreateObjectMapping: 0.150800 ms MarkObjects: 3.154600 ms  DeleteObjects: 0.236600 ms)

========================================================================
Received Import Request.
  path: Assets/Prefabs/Pellet.prefab
  artifactKey: Guid(98e14552a718d3b4b91cdddfe8ec02b8) Importer(815301076,1909f56bfc062723c751e8b465ee728b)
Start importing Assets/Prefabs/Pellet.prefab using Guid(98e14552a718d3b4b91cdddfe8ec02b8) Importer(815301076,1909f56bfc062723c751e8b465ee728b)  -> (artifact id: '4524d4848e467b671a46725e80159e8f') in 2.514831 seconds
  Import took 2.875379 seconds .

========================================================================
Received Import Request.
  Time since last request: 0.000976 seconds.
  path: Assets/Prefabs/PowerPellet.prefab
  artifactKey: Guid(1241fc22cc8e11c4ca27fd056264bfe7) Importer(815301076,1909f56bfc062723c751e8b465ee728b)
Start importing Assets/Prefabs/PowerPellet.prefab using Guid(1241fc22cc8e11c4ca27fd056264bfe7) Importer(815301076,1909f56bfc062723c751e8b465ee728b)  -> (artifact id: '3b2f8ded8b25e589a03fdc5ed817d90d') in 0.286512 seconds
  Import took 0.573090 seconds .

========================================================================
Received Import Request.
  Time since last request: 0.000409 seconds.
  path: Assets/Prefabs/Caminho.prefab
  artifactKey: Guid(13e8fd1aeb13b73459ee60f6287d6bb2) Importer(815301076,1909f56bfc062723c751e8b465ee728b)
Start importing Assets/Prefabs/Caminho.prefab using Guid(13e8fd1aeb13b73459ee60f6287d6bb2) Importer(815301076,1909f56bfc062723c751e8b465ee728b)  -> (artifact id: 'e0a9ad3746feb8a8312f53ded45f1b0c') in 0.093683 seconds
  Import took 0.235968 seconds .

========================================================================
Received Import Request.
  Time since last request: 1171.057055 seconds.
  path: Assets/Animations/Enemy-Yellow.controller
  artifactKey: Guid(3e149343e1baeb74cb715bd2ceed79f8) Importer(815301076,1909f56bfc062723c751e8b465ee728b)
Start importing Assets/Animations/Enemy-Yellow.controller using Guid(3e149343e1baeb74cb715bd2ceed79f8) Importer(815301076,1909f56bfc062723c751e8b465ee728b)  -> (artifact id: 'be36bc8588f3aea091f0bfc59c518e76') in 3.851405 seconds
  Import took 23.248586 seconds .

========================================================================
Received Prepare
Registering precompiled user dll's ...
Registered in 3.267586 seconds.
Begin MonoManager ReloadAssembly
Native extension for WindowsStandalone target not found
Native extension for WebGL target not found
Refreshing native plugins compatible for Editor in 0.93 ms, found 1 plugins.
Preloading 0 native plugins for Editor in 0.00 ms.
Mono: successfully reloaded assembly
- Completed reload, in 14.055 seconds
Platform modules already initialized, skipping
Refreshing native plugins compatible for Editor in 1.26 ms, found 1 plugins.
Preloading 0 native plugins for Editor in 0.00 ms.
Unloading 2222 Unused Serialized files (Serialized files now loaded: 0)
System memory in use before: 100.6 MB.
System memory in use after: 100.6 MB.

Unloading 33 unused Assets to reduce memory usage. Loaded Objects now: 2669.
Total: 156.677500 ms (FindLiveObjects: 0.433500 ms CreateObjectMapping: 0.157800 ms MarkObjects: 155.370900 ms  DeleteObjects: 0.711200 ms)

========================================================================
Received Prepare
Registering precompiled user dll's ...
Registered in 0.011879 seconds.
Begin MonoManager ReloadAssembly
Native extension for WindowsStandalone target not found
Native extension for WebGL target not found
Refreshing native plugins compatible for Editor in 0.70 ms, found 1 plugins.
Preloading 0 native plugins for Editor in 0.00 ms.
Mono: successfully reloaded assembly
- Completed reload, in  1.652 seconds
Platform modules already initialized, skipping
Refreshing native plugins compatible for Editor in 0.94 ms, found 1 plugins.
Preloading 0 native plugins for Editor in 0.00 ms.
Unloading 2222 Unused Serialized files (Serialized files now loaded: 0)
System memory in use before: 100.6 MB.
System memory in use after: 100.6 MB.

Unloading 33 unused Assets to reduce memory usage. Loaded Objects now: 2673.
Total: 57.691600 ms (FindLiveObjects: 55.016600 ms CreateObjectMapping: 0.172600 ms MarkObjects: 2.338800 ms  DeleteObjects: 0.161200 ms)

========================================================================
Received Prepare
Registering precompiled user dll's ...
Registered in 0.004829 seconds.
Begin MonoManager ReloadAssembly
Native extension for WindowsStandalone target not found
Native extension for WebGL target not found
Refreshing native plugins compatible for Editor in 0.76 ms, found 1 plugins.
Preloading 0 native plugins for Editor in 0.00 ms.
Mono: successfully reloaded assembly
- Completed reload, in  1.403 seconds
Platform modules already initialized, skipping
Refreshing native plugins compatible for Editor in 1.41 ms, found 1 plugins.
Preloading 0 native plugins for Editor in 0.00 ms.
Unloading 2222 Unused Serialized files (Serialized files now loaded: 0)
System memory in use before: 100.7 MB.
System memory in use after: 100.7 MB.

Unloading 33 unused Assets to reduce memory usage. Loaded Objects now: 2677.
Total: 3.245800 ms (FindLiveObjects: 0.359800 ms CreateObjectMapping: 0.132400 ms MarkObjects: 2.593700 ms  DeleteObjects: 0.157700 ms)

========================================================================
Received Prepare
Registering precompiled user dll's ...
Registered in 0.003809 seconds.
Begin MonoManager ReloadAssembly
Native extension for WindowsStandalone target not found
Native extension for WebGL target not found
Refreshing native plugins compatible for Editor in 0.76 ms, found 1 plugins.
Preloading 0 native plugins for Editor in 0.00 ms.
Mono: successfully reloaded assembly
- Completed reload, in  1.513 seconds
Platform modules already initialized, skipping
Refreshing native plugins compatible for Editor in 0.97 ms, found 1 plugins.
Preloading 0 native plugins for Editor in 0.00 ms.
Unloading 2222 Unused Serialized files (Serialized files now loaded: 0)
System memory in use before: 100.7 MB.
System memory in use after: 100.7 MB.

Unloading 33 unused Assets to reduce memory usage. Loaded Objects now: 2681.
Total: 3.074100 ms (FindLiveObjects: 0.365400 ms CreateObjectMapping: 0.193000 ms MarkObjects: 2.358000 ms  DeleteObjects: 0.156100 ms)

========================================================================
Received Prepare
Registering precompiled user dll's ...
Registered in 0.003709 seconds.
Begin MonoManager ReloadAssembly
Native extension for WindowsStandalone target not found
Native extension for WebGL target not found
Refreshing native plugins compatible for Editor in 0.75 ms, found 1 plugins.
Preloading 0 native plugins for Editor in 0.00 ms.
Mono: successfully reloaded assembly
- Completed reload, in  1.538 seconds
Platform modules already initialized, skipping
Refreshing native plugins compatible for Editor in 0.84 ms, found 1 plugins.
Preloading 0 native plugins for Editor in 0.00 ms.
Unloading 2222 Unused Serialized files (Serialized files now loaded: 0)
System memory in use before: 100.7 MB.
System memory in use after: 100.7 MB.

Unloading 33 unused Assets to reduce memory usage. Loaded Objects now: 2685.
Total: 3.288100 ms (FindLiveObjects: 0.272300 ms CreateObjectMapping: 0.104700 ms MarkObjects: 2.756200 ms  DeleteObjects: 0.153100 ms)

========================================================================
Received Prepare
Registering precompiled user dll's ...
Registered in 0.005169 seconds.
Begin MonoManager ReloadAssembly
Native extension for WindowsStandalone target not found
Native extension for WebGL target not found
Refreshing native plugins compatible for Editor in 0.70 ms, found 1 plugins.
Preloading 0 native plugins for Editor in 0.00 ms.
Mono: successfully reloaded assembly
- Completed reload, in  1.541 seconds
Platform modules already initialized, skipping
Refreshing native plugins compatible for Editor in 0.83 ms, found 1 plugins.
Preloading 0 native plugins for Editor in 0.00 ms.
Unloading 2222 Unused Serialized files (Serialized files now loaded: 0)
System memory in use before: 100.7 MB.
System memory in use after: 100.7 MB.

Unloading 33 unused Assets to reduce memory usage. Loaded Objects now: 2689.
Total: 3.017300 ms (FindLiveObjects: 0.259600 ms CreateObjectMapping: 0.109800 ms MarkObjects: 2.493300 ms  DeleteObjects: 0.153500 ms)

========================================================================
Received Prepare
Registering precompiled user dll's ...
Registered in 0.004900 seconds.
Begin MonoManager ReloadAssembly
Native extension for WindowsStandalone target not found
Native extension for WebGL target not found
Refreshing native plugins compatible for Editor in 0.73 ms, found 1 plugins.
Preloading 0 native plugins for Editor in 0.00 ms.
Mono: successfully reloaded assembly
- Completed reload, in  1.598 seconds
Platform modules already initialized, skipping
Refreshing native plugins compatible for Editor in 1.08 ms, found 1 plugins.
Preloading 0 native plugins for Editor in 0.00 ms.
Unloading 2222 Unused Serialized files (Serialized files now loaded: 0)
System memory in use before: 100.7 MB.
System memory in use after: 100.7 MB.

Unloading 33 unused Assets to reduce memory usage. Loaded Objects now: 2693.
Total: 5.426500 ms (FindLiveObjects: 0.472400 ms CreateObjectMapping: 0.179600 ms MarkObjects: 4.559200 ms  DeleteObjects: 0.213000 ms)

========================================================================
Received Prepare
Registering precompiled user dll's ...
Registered in 0.006429 seconds.
Begin MonoManager ReloadAssembly
Native extension for WindowsStandalone target not found
Native extension for WebGL target not found
Refreshing native plugins compatible for Editor in 0.92 ms, found 1 plugins.
Preloading 0 native plugins for Editor in 0.00 ms.
Mono: successfully reloaded assembly
- Completed reload, in  3.282 seconds
Platform modules already initialized, skipping
Refreshing native plugins compatible for Editor in 5.25 ms, found 1 plugins.
Preloading 0 native plugins for Editor in 0.00 ms.
Unloading 2222 Unused Serialized files (Serialized files now loaded: 0)
System memory in use before: 100.8 MB.
System memory in use after: 100.8 MB.

Unloading 33 unused Assets to reduce memory usage. Loaded Objects now: 2697.
Total: 11.640800 ms (FindLiveObjects: 0.699600 ms CreateObjectMapping: 0.449800 ms MarkObjects: 10.239600 ms  DeleteObjects: 0.248800 ms)

========================================================================
Received Prepare
Registering precompiled user dll's ...
Registered in 0.005069 seconds.
Begin MonoManager ReloadAssembly
Native extension for WindowsStandalone target not found
Native extension for WebGL target not found
Refreshing native plugins compatible for Editor in 0.86 ms, found 1 plugins.
Preloading 0 native plugins for Editor in 0.00 ms.
Mono: successfully reloaded assembly
- Completed reload, in  1.858 seconds
Platform modules already initialized, skipping
Refreshing native plugins compatible for Editor in 0.94 ms, found 1 plugins.
Preloading 0 native plugins for Editor in 0.00 ms.
Unloading 2222 Unused Serialized files (Serialized files now loaded: 0)
System memory in use before: 100.9 MB.
System memory in use after: 100.8 MB.

Unloading 33 unused Assets to reduce memory usage. Loaded Objects now: 2701.
Total: 2.960300 ms (FindLiveObjects: 0.295600 ms CreateObjectMapping: 0.116200 ms MarkObjects: 2.390400 ms  DeleteObjects: 0.156600 ms)

========================================================================
Received Prepare
Registering precompiled user dll's ...
Registered in 0.003900 seconds.
Begin MonoManager ReloadAssembly
Native extension for WindowsStandalone target not found
Native extension for WebGL target not found
Refreshing native plugins compatible for Editor in 0.81 ms, found 1 plugins.
Preloading 0 native plugins for Editor in 0.00 ms.
Mono: successfully reloaded assembly
- Completed reload, in  1.727 seconds
Platform modules already initialized, skipping
Refreshing native plugins compatible for Editor in 0.91 ms, found 1 plugins.
Preloading 0 native plugins for Editor in 0.00 ms.
Unloading 2222 Unused Serialized files (Serialized files now loaded: 0)
System memory in use before: 100.9 MB.
System memory in use after: 100.9 MB.

Unloading 33 unused Assets to reduce memory usage. Loaded Objects now: 2705.
Total: 3.487900 ms (FindLiveObjects: 0.393400 ms CreateObjectMapping: 0.268800 ms MarkObjects: 2.646000 ms  DeleteObjects: 0.178200 ms)

========================================================================
Received Prepare
Registering precompiled user dll's ...
Registered in 0.031622 seconds.
Begin MonoManager ReloadAssembly
Native extension for WindowsStandalone target not found
Native extension for WebGL target not found
Refreshing native plugins compatible for Editor in 0.77 ms, found 1 plugins.
Preloading 0 native plugins for Editor in 0.00 ms.
Mono: successfully reloaded assembly
- Completed reload, in  1.338 seconds
Platform modules already initialized, skipping
Refreshing native plugins compatible for Editor in 0.80 ms, found 1 plugins.
Preloading 0 native plugins for Editor in 0.00 ms.
Unloading 2222 Unused Serialized files (Serialized files now loaded: 0)
System memory in use before: 100.9 MB.
System memory in use after: 101.0 MB.

Unloading 33 unused Assets to reduce memory usage. Loaded Objects now: 2709.
Total: 2.934900 ms (FindLiveObjects: 0.294000 ms CreateObjectMapping: 0.136400 ms MarkObjects: 2.343600 ms  DeleteObjects: 0.159400 ms)

========================================================================
Received Prepare
Registering precompiled user dll's ...
Registered in 0.003537 seconds.
Begin MonoManager ReloadAssembly
Native extension for WindowsStandalone target not found
Native extension for WebGL target not found
Refreshing native plugins compatible for Editor in 0.70 ms, found 1 plugins.
Preloading 0 native plugins for Editor in 0.00 ms.
Mono: successfully reloaded assembly
- Completed reload, in  1.656 seconds
Platform modules already initialized, skipping
Refreshing native plugins compatible for Editor in 0.87 ms, found 1 plugins.
Preloading 0 native plugins for Editor in 0.00 ms.
Unloading 2222 Unused Serialized files (Serialized files now loaded: 0)
System memory in use before: 100.9 MB.
System memory in use after: 101.0 MB.

Unloading 33 unused Assets to reduce memory usage. Loaded Objects now: 2713.
Total: 3.445900 ms (FindLiveObjects: 0.279700 ms CreateObjectMapping: 0.120200 ms MarkObjects: 2.883900 ms  DeleteObjects: 0.160500 ms)

========================================================================
Received Prepare
Registering precompiled user dll's ...
Registered in 0.003593 seconds.
Begin MonoManager ReloadAssembly
Native extension for WindowsStandalone target not found
Native extension for WebGL target not found
Refreshing native plugins compatible for Editor in 0.68 ms, found 1 plugins.
Preloading 0 native plugins for Editor in 0.00 ms.
Mono: successfully reloaded assembly
- Completed reload, in  1.334 seconds
Platform modules already initialized, skipping
Refreshing native plugins compatible for Editor in 1.09 ms, found 1 plugins.
Preloading 0 native plugins for Editor in 0.00 ms.
Unloading 2222 Unused Serialized files (Serialized files now loaded: 0)
System memory in use before: 100.9 MB.
System memory in use after: 101.0 MB.

Unloading 33 unused Assets to reduce memory usage. Loaded Objects now: 2717.
Total: 3.393800 ms (FindLiveObjects: 0.331800 ms CreateObjectMapping: 0.294200 ms MarkObjects: 2.576900 ms  DeleteObjects: 0.189000 ms)

========================================================================
Received Prepare
Registering precompiled user dll's ...
Registered in 0.003536 seconds.
Begin MonoManager ReloadAssembly
Native extension for WindowsStandalone target not found
Native extension for WebGL target not found
Refreshing native plugins compatible for Editor in 1.01 ms, found 1 plugins.
Preloading 0 native plugins for Editor in 0.00 ms.
Mono: successfully reloaded assembly
- Completed reload, in  1.472 seconds
Platform modules already initialized, skipping
Refreshing native plugins compatible for Editor in 0.82 ms, found 1 plugins.
Preloading 0 native plugins for Editor in 0.00 ms.
Unloading 2222 Unused Serialized files (Serialized files now loaded: 0)
System memory in use before: 101.0 MB.
System memory in use after: 101.1 MB.

Unloading 33 unused Assets to reduce memory usage. Loaded Objects now: 2721.
Total: 2.942600 ms (FindLiveObjects: 0.288900 ms CreateObjectMapping: 0.123700 ms MarkObjects: 2.325900 ms  DeleteObjects: 0.202300 ms)

========================================================================
Received Prepare
Registering precompiled user dll's ...
Registered in 0.003680 seconds.
Begin MonoManager ReloadAssembly
Native extension for WindowsStandalone target not found
Native extension for WebGL target not found
Refreshing native plugins compatible for Editor in 0.69 ms, found 1 plugins.
Preloading 0 native plugins for Editor in 0.00 ms.
Mono: successfully reloaded assembly
- Completed reload, in  1.416 seconds
Platform modules already initialized, skipping
Refreshing native plugins compatible for Editor in 1.00 ms, found 1 plugins.
Preloading 0 native plugins for Editor in 0.00 ms.
Unloading 2222 Unused Serialized files (Serialized files now loaded: 0)
System memory in use before: 101.0 MB.
System memory in use after: 101.1 MB.

Unloading 33 unused Assets to reduce memory usage. Loaded Objects now: 2725.
Total: 2.984200 ms (FindLiveObjects: 0.275700 ms CreateObjectMapping: 0.122800 ms MarkObjects: 2.433700 ms  DeleteObjects: 0.150600 ms)

========================================================================
Received Import Request.
  Time since last request: 5641.208808 seconds.
  path: Assets/TextMesh Pro/Resources/Fonts & Materials/LiberationSans SDF.asset
  artifactKey: Guid(8f586378b4e144a9851e7b34d9b748ee) Importer(815301076,1909f56bfc062723c751e8b465ee728b)
Start importing Assets/TextMesh Pro/Resources/Fonts & Materials/LiberationSans SDF.asset using Guid(8f586378b4e144a9851e7b34d9b748ee) Importer(815301076,1909f56bfc062723c751e8b465ee728b)  -> (artifact id: '8a99cc360955589cf887006e25bcd276') in 37.528518 seconds
  Import took 51.606874 seconds .

========================================================================
Received Import Request.
  Time since last request: 3.285147 seconds.
  path: Assets/TextMesh Pro/Resources/Fonts & Materials/LiberationSans SDF - Drop Shadow.mat
  artifactKey: Guid(e73a58f6e2794ae7b1b7e50b7fb811b0) Importer(815301076,1909f56bfc062723c751e8b465ee728b)
Start importing Assets/TextMesh Pro/Resources/Fonts & Materials/LiberationSans SDF - Drop Shadow.mat using Guid(e73a58f6e2794ae7b1b7e50b7fb811b0) Importer(815301076,1909f56bfc062723c751e8b465ee728b)  -> (artifact id: 'c929e802034d2b4b6bd7f2a4c02fe330') in 1.265966 seconds
  Import took 1.303172 seconds .

========================================================================
Received Import Request.
  Time since last request: 0.000618 seconds.
  path: Assets/TextMesh Pro/Resources/Fonts & Materials/LiberationSans SDF - Outline.mat
  artifactKey: Guid(79459efec17a4d00a321bdcc27bbc385) Importer(815301076,1909f56bfc062723c751e8b465ee728b)
Start importing Assets/TextMesh Pro/Resources/Fonts & Materials/LiberationSans SDF - Outline.mat using Guid(79459efec17a4d00a321bdcc27bbc385) Importer(815301076,1909f56bfc062723c751e8b465ee728b)  -> (artifact id: '3789fcd9ef3159500c31a405e75f7223') in 0.615680 seconds
  Import took 0.623104 seconds .

========================================================================
Received Prepare
Registering precompiled user dll's ...
Registered in 0.027156 seconds.
Begin MonoManager ReloadAssembly
Native extension for WindowsStandalone target not found
Native extension for WebGL target not found
Refreshing native plugins compatible for Editor in 0.81 ms, found 1 plugins.
Preloading 0 native plugins for Editor in 0.00 ms.
Mono: successfully reloaded assembly
- Completed reload, in  8.865 seconds
Platform modules already initialized, skipping
Refreshing native plugins compatible for Editor in 1.43 ms, found 1 plugins.
Preloading 0 native plugins for Editor in 0.00 ms.
Unloading 2235 Unused Serialized files (Serialized files now loaded: 0)
System memory in use before: 103.4 MB.
System memory in use after: 102.8 MB.

Unloading 45 unused Assets to reduce memory usage. Loaded Objects now: 2766.
Total: 8.868800 ms (FindLiveObjects: 0.966300 ms CreateObjectMapping: 0.330300 ms MarkObjects: 6.440700 ms  DeleteObjects: 1.127300 ms)

========================================================================
Received Import Request.
  Time since last request: 783.379820 seconds.
  path: Assets/TextMesh Pro/Fonts/LiberationSans.ttf
  artifactKey: Guid(e3265ab4bf004d28a9537516768c1c75) Importer(815301076,1909f56bfc062723c751e8b465ee728b)
Start importing Assets/TextMesh Pro/Fonts/LiberationSans.ttf using Guid(e3265ab4bf004d28a9537516768c1c75) Importer(815301076,1909f56bfc062723c751e8b465ee728b)  -> (artifact id: '403ecb7373b3905fa798f89c61f40532') in 1.208779 seconds
  Import took 1.411255 seconds .

========================================================================
Received Import Request.
  Time since last request: 87.869537 seconds.
  path: Assets/GrottoEscapeArtwork/Sprites/Enemies/Dragon/Materials/dragon-attack.mat
  artifactKey: Guid(6ba14f903f9dd0e4cac44347df84731b) Importer(815301076,1909f56bfc062723c751e8b465ee728b)
Start importing Assets/GrottoEscapeArtwork/Sprites/Enemies/Dragon/Materials/dragon-attack.mat using Guid(6ba14f903f9dd0e4cac44347df84731b) Importer(815301076,1909f56bfc062723c751e8b465ee728b)  -> (artifact id: '1e9a3a157c9e9e755ad4e08d2d2a8025') in 0.565381 seconds
  Import took 0.618319 seconds .

========================================================================
Received Prepare
Registering precompiled user dll's ...
Registered in 0.003803 seconds.
Begin MonoManager ReloadAssembly
Native extension for WindowsStandalone target not found
Native extension for WebGL target not found
Refreshing native plugins compatible for Editor in 0.83 ms, found 1 plugins.
Preloading 0 native plugins for Editor in 0.00 ms.
Mono: successfully reloaded assembly
- Completed reload, in 20.098 seconds
Platform modules already initialized, skipping
Refreshing native plugins compatible for Editor in 0.86 ms, found 1 plugins.
Preloading 0 native plugins for Editor in 0.00 ms.
Unloading 2234 Unused Serialized files (Serialized files now loaded: 0)
System memory in use before: 103.4 MB.
System memory in use after: 102.8 MB.

Unloading 45 unused Assets to reduce memory usage. Loaded Objects now: 2774.
Total: 3.896400 ms (FindLiveObjects: 0.353100 ms CreateObjectMapping: 0.124700 ms MarkObjects: 2.867200 ms  DeleteObjects: 0.548800 ms)

========================================================================
Received Prepare
Registering precompiled user dll's ...
Registered in 0.004711 seconds.
Begin MonoManager ReloadAssembly
Native extension for WindowsStandalone target not found
Native extension for WebGL target not found
Refreshing native plugins compatible for Editor in 1.16 ms, found 1 plugins.
Preloading 0 native plugins for Editor in 0.00 ms.
Mono: successfully reloaded assembly
- Completed reload, in  3.013 seconds
Platform modules already initialized, skipping
Refreshing native plugins compatible for Editor in 1.76 ms, found 1 plugins.
Preloading 0 native plugins for Editor in 0.00 ms.
Unloading 2234 Unused Serialized files (Serialized files now loaded: 0)
System memory in use before: 103.4 MB.
System memory in use after: 102.8 MB.

Unloading 45 unused Assets to reduce memory usage. Loaded Objects now: 2778.
Total: 36.770600 ms (FindLiveObjects: 0.357400 ms CreateObjectMapping: 0.134400 ms MarkObjects: 3.473000 ms  DeleteObjects: 32.803600 ms)

========================================================================
Received Prepare
Registering precompiled user dll's ...
Registered in 0.077220 seconds.
Begin MonoManager ReloadAssembly
Native extension for WindowsStandalone target not found
Native extension for WebGL target not found
Refreshing native plugins compatible for Editor in 0.69 ms, found 1 plugins.
Preloading 0 native plugins for Editor in 0.00 ms.
Mono: successfully reloaded assembly
- Completed reload, in  6.620 seconds
Platform modules already initialized, skipping
Refreshing native plugins compatible for Editor in 3.08 ms, found 1 plugins.
Preloading 0 native plugins for Editor in 0.00 ms.
Unloading 2234 Unused Serialized files (Serialized files now loaded: 0)
System memory in use before: 103.4 MB.
System memory in use after: 102.8 MB.

Unloading 45 unused Assets to reduce memory usage. Loaded Objects now: 2782.
Total: 25.417300 ms (FindLiveObjects: 0.486000 ms CreateObjectMapping: 0.208500 ms MarkObjects: 4.232100 ms  DeleteObjects: 20.488400 ms)

========================================================================
Received Import Request.
  Time since last request: 1432.614403 seconds.
  path: Assets/Audio/pacman_death.wav
  artifactKey: Guid(de3b64a2c7642704d8b4e621338c6030) Importer(815301076,1909f56bfc062723c751e8b465ee728b)
Start importing Assets/Audio/pacman_death.wav using Guid(de3b64a2c7642704d8b4e621338c6030) Importer(815301076,1909f56bfc062723c751e8b465ee728b)  -> (artifact id: '472ca156ddae62313b7e079744f1b9aa') in 2.214846 seconds
  Import took 2.333561 seconds .

========================================================================
Received Import Request.
  Time since last request: 0.025713 seconds.
  path: Assets/Audio/pacman_chomp.wav
  artifactKey: Guid(948520fe07bbbd241b645557e21f1091) Importer(815301076,1909f56bfc062723c751e8b465ee728b)
Start importing Assets/Audio/pacman_chomp.wav using Guid(948520fe07bbbd241b645557e21f1091) Importer(815301076,1909f56bfc062723c751e8b465ee728b)  -> (artifact id: '0f54efa9dd3fb3bd328bfab0617fcaf7') in 0.157203 seconds
  Import took 0.240695 seconds .

========================================================================
Received Import Request.
  Time since last request: 0.000782 seconds.
  path: Assets/Audio/pacman_intermission.wav
  artifactKey: Guid(4da9969bd343c4c4288f158555d273b9) Importer(815301076,1909f56bfc062723c751e8b465ee728b)
Start importing Assets/Audio/pacman_intermission.wav using Guid(4da9969bd343c4c4288f158555d273b9) Importer(815301076,1909f56bfc062723c751e8b465ee728b)  -> (artifact id: '7d7260869ccf7f796380ac6f45d9ebc9') in 0.142406 seconds
  Import took 0.180645 seconds .

========================================================================
Received Import Request.
  Time since last request: 0.000309 seconds.
  path: Assets/Audio/pacman_eatghost.wav
  artifactKey: Guid(b8f98d3dc50d8ca478498a78a6286548) Importer(815301076,1909f56bfc062723c751e8b465ee728b)
Start importing Assets/Audio/pacman_eatghost.wav using Guid(b8f98d3dc50d8ca478498a78a6286548) Importer(815301076,1909f56bfc062723c751e8b465ee728b)  -> (artifact id: 'a4e8f734a8eb1c95189a14c812ddfb91') in 0.255633 seconds
  Import took 0.343248 seconds .

========================================================================
Received Prepare
Registering precompiled user dll's ...
Registered in 0.003623 seconds.
Begin MonoManager ReloadAssembly
Native extension for WindowsStandalone target not found
Native extension for WebGL target not found
Refreshing native plugins compatible for Editor in 0.72 ms, found 1 plugins.
Preloading 0 native plugins for Editor in 0.00 ms.
Mono: successfully reloaded assembly
- Completed reload, in  1.624 seconds
Platform modules already initialized, skipping
Refreshing native plugins compatible for Editor in 1.17 ms, found 1 plugins.
Preloading 0 native plugins for Editor in 0.00 ms.
Unloading 2234 Unused Serialized files (Serialized files now loaded: 0)
System memory in use before: 103.4 MB.
System memory in use after: 102.9 MB.

Unloading 45 unused Assets to reduce memory usage. Loaded Objects now: 2789.
Total: 3.942600 ms (FindLiveObjects: 0.302800 ms CreateObjectMapping: 0.123800 ms MarkObjects: 2.972900 ms  DeleteObjects: 0.541400 ms)

========================================================================
Received Prepare
Registering precompiled user dll's ...
Registered in 0.003739 seconds.
Begin MonoManager ReloadAssembly
Native extension for WindowsStandalone target not found
Native extension for WebGL target not found
Refreshing native plugins compatible for Editor in 0.70 ms, found 1 plugins.
Preloading 0 native plugins for Editor in 0.00 ms.
Mono: successfully reloaded assembly
- Completed reload, in  1.744 seconds
Platform modules already initialized, skipping
Refreshing native plugins compatible for Editor in 1.51 ms, found 1 plugins.
Preloading 0 native plugins for Editor in 0.00 ms.
Unloading 2234 Unused Serialized files (Serialized files now loaded: 0)
System memory in use before: 103.4 MB.
System memory in use after: 102.9 MB.

Unloading 45 unused Assets to reduce memory usage. Loaded Objects now: 2793.
Total: 4.408500 ms (FindLiveObjects: 0.613000 ms CreateObjectMapping: 0.252700 ms MarkObjects: 2.990100 ms  DeleteObjects: 0.550500 ms)

========================================================================
Received Prepare
Registering precompiled user dll's ...
Registered in 0.004163 seconds.
Begin MonoManager ReloadAssembly
Native extension for WindowsStandalone target not found
Native extension for WebGL target not found
Refreshing native plugins compatible for Editor in 0.69 ms, found 1 plugins.
Preloading 0 native plugins for Editor in 0.00 ms.
Mono: successfully reloaded assembly
- Completed reload, in  1.900 seconds
Platform modules already initialized, skipping
Refreshing native plugins compatible for Editor in 1.43 ms, found 1 plugins.
Preloading 0 native plugins for Editor in 0.00 ms.
Unloading 2234 Unused Serialized files (Serialized files now loaded: 0)
System memory in use before: 103.5 MB.
System memory in use after: 102.9 MB.

Unloading 45 unused Assets to reduce memory usage. Loaded Objects now: 2797.
Total: 5.882800 ms (FindLiveObjects: 0.644100 ms CreateObjectMapping: 0.250700 ms MarkObjects: 4.276200 ms  DeleteObjects: 0.709800 ms)

========================================================================
Received Prepare
Registering precompiled user dll's ...
Registered in 0.003809 seconds.
Begin MonoManager ReloadAssembly
Native extension for WindowsStandalone target not found
Native extension for WebGL target not found
Refreshing native plugins compatible for Editor in 0.91 ms, found 1 plugins.
Preloading 0 native plugins for Editor in 0.00 ms.
Mono: successfully reloaded assembly
- Completed reload, in  1.531 seconds
Platform modules already initialized, skipping
Refreshing native plugins compatible for Editor in 1.32 ms, found 1 plugins.
Preloading 0 native plugins for Editor in 0.00 ms.
Unloading 2234 Unused Serialized files (Serialized files now loaded: 0)
System memory in use before: 103.5 MB.
System memory in use after: 102.9 MB.

Unloading 45 unused Assets to reduce memory usage. Loaded Objects now: 2801.
Total: 3.785000 ms (FindLiveObjects: 0.413200 ms CreateObjectMapping: 0.261100 ms MarkObjects: 2.484400 ms  DeleteObjects: 0.624300 ms)

========================================================================
Received Prepare
Registering precompiled user dll's ...
Registered in 0.004222 seconds.
Begin MonoManager ReloadAssembly
Native extension for WindowsStandalone target not found
Native extension for WebGL target not found
Refreshing native plugins compatible for Editor in 0.71 ms, found 1 plugins.
Preloading 0 native plugins for Editor in 0.00 ms.
Mono: successfully reloaded assembly
- Completed reload, in  1.628 seconds
Platform modules already initialized, skipping
Refreshing native plugins compatible for Editor in 1.30 ms, found 1 plugins.
Preloading 0 native plugins for Editor in 0.00 ms.
Unloading 2234 Unused Serialized files (Serialized files now loaded: 0)
System memory in use before: 103.5 MB.
System memory in use after: 102.9 MB.

Unloading 45 unused Assets to reduce memory usage. Loaded Objects now: 2805.
Total: 4.063200 ms (FindLiveObjects: 0.416500 ms CreateObjectMapping: 0.233200 ms MarkObjects: 2.859900 ms  DeleteObjects: 0.551200 ms)

========================================================================
Received Prepare
Registering precompiled user dll's ...
Registered in 0.004963 seconds.
Begin MonoManager ReloadAssembly
Native extension for WindowsStandalone target not found
Native extension for WebGL target not found
Refreshing native plugins compatible for Editor in 0.72 ms, found 1 plugins.
Preloading 0 native plugins for Editor in 0.00 ms.
Mono: successfully reloaded assembly
- Completed reload, in  1.839 seconds
Platform modules already initialized, skipping
Refreshing native plugins compatible for Editor in 1.26 ms, found 1 plugins.
Preloading 0 native plugins for Editor in 0.00 ms.
Unloading 2234 Unused Serialized files (Serialized files now loaded: 0)
System memory in use before: 103.5 MB.
System memory in use after: 102.9 MB.

Unloading 45 unused Assets to reduce memory usage. Loaded Objects now: 2809.
Total: 4.270800 ms (FindLiveObjects: 0.318200 ms CreateObjectMapping: 0.126300 ms MarkObjects: 3.232400 ms  DeleteObjects: 0.591600 ms)

========================================================================
Received Prepare
Registering precompiled user dll's ...
Registered in 0.004138 seconds.
Begin MonoManager ReloadAssembly
Native extension for WindowsStandalone target not found
Native extension for WebGL target not found
Refreshing native plugins compatible for Editor in 0.72 ms, found 1 plugins.
Preloading 0 native plugins for Editor in 0.00 ms.
Mono: successfully reloaded assembly
- Completed reload, in  1.435 seconds
Platform modules already initialized, skipping
Refreshing native plugins compatible for Editor in 1.35 ms, found 1 plugins.
Preloading 0 native plugins for Editor in 0.00 ms.
Unloading 2234 Unused Serialized files (Serialized files now loaded: 0)
System memory in use before: 103.5 MB.
System memory in use after: 102.9 MB.

Unloading 45 unused Assets to reduce memory usage. Loaded Objects now: 2813.
Total: 3.413500 ms (FindLiveObjects: 0.320300 ms CreateObjectMapping: 0.129500 ms MarkObjects: 2.408800 ms  DeleteObjects: 0.553300 ms)

========================================================================
Received Prepare
Registering precompiled user dll's ...
Registered in 0.003642 seconds.
Begin MonoManager ReloadAssembly
Native extension for WindowsStandalone target not found
Native extension for WebGL target not found
Refreshing native plugins compatible for Editor in 0.80 ms, found 1 plugins.
Preloading 0 native plugins for Editor in 0.00 ms.
Mono: successfully reloaded assembly
- Completed reload, in  1.503 seconds
Platform modules already initialized, skipping
Refreshing native plugins compatible for Editor in 1.27 ms, found 1 plugins.
Preloading 0 native plugins for Editor in 0.00 ms.
Unloading 2234 Unused Serialized files (Serialized files now loaded: 0)
System memory in use before: 103.5 MB.
System memory in use after: 103.0 MB.

Unloading 45 unused Assets to reduce memory usage. Loaded Objects now: 2817.
Total: 3.909000 ms (FindLiveObjects: 0.456700 ms CreateObjectMapping: 0.220200 ms MarkObjects: 2.561800 ms  DeleteObjects: 0.668300 ms)

========================================================================
Received Prepare
Registering precompiled user dll's ...
Registered in 0.004801 seconds.
Begin MonoManager ReloadAssembly
Native extension for WindowsStandalone target not found
Native extension for WebGL target not found
Refreshing native plugins compatible for Editor in 0.88 ms, found 1 plugins.
Preloading 0 native plugins for Editor in 0.00 ms.
Mono: successfully reloaded assembly
- Completed reload, in  1.658 seconds
Platform modules already initialized, skipping
Refreshing native plugins compatible for Editor in 1.53 ms, found 1 plugins.
Preloading 0 native plugins for Editor in 0.00 ms.
Unloading 2234 Unused Serialized files (Serialized files now loaded: 0)
System memory in use before: 103.5 MB.
System memory in use after: 103.0 MB.

Unloading 45 unused Assets to reduce memory usage. Loaded Objects now: 2821.
Total: 3.975500 ms (FindLiveObjects: 0.548100 ms CreateObjectMapping: 0.186200 ms MarkObjects: 2.656100 ms  DeleteObjects: 0.582500 ms)

========================================================================
Received Prepare
Registering precompiled user dll's ...
Registered in 0.004128 seconds.
Begin MonoManager ReloadAssembly
Native extension for WindowsStandalone target not found
Native extension for WebGL target not found
Refreshing native plugins compatible for Editor in 0.72 ms, found 1 plugins.
Preloading 0 native plugins for Editor in 0.00 ms.
Mono: successfully reloaded assembly
- Completed reload, in  1.617 seconds
Platform modules already initialized, skipping
Refreshing native plugins compatible for Editor in 1.41 ms, found 1 plugins.
Preloading 0 native plugins for Editor in 0.00 ms.
Unloading 2234 Unused Serialized files (Serialized files now loaded: 0)
System memory in use before: 103.5 MB.
System memory in use after: 103.0 MB.

Unloading 45 unused Assets to reduce memory usage. Loaded Objects now: 2825.
Total: 3.771400 ms (FindLiveObjects: 0.618100 ms CreateObjectMapping: 0.123800 ms MarkObjects: 2.385200 ms  DeleteObjects: 0.642000 ms)

========================================================================
Received Prepare
Registering precompiled user dll's ...
Registered in 0.003605 seconds.
Begin MonoManager ReloadAssembly
Native extension for WindowsStandalone target not found
Native extension for WebGL target not found
Refreshing native plugins compatible for Editor in 0.76 ms, found 1 plugins.
Preloading 0 native plugins for Editor in 0.00 ms.
Mono: successfully reloaded assembly
- Completed reload, in  1.530 seconds
Platform modules already initialized, skipping
Refreshing native plugins compatible for Editor in 1.43 ms, found 1 plugins.
Preloading 0 native plugins for Editor in 0.00 ms.
Unloading 2234 Unused Serialized files (Serialized files now loaded: 0)
System memory in use before: 103.5 MB.
System memory in use after: 103.0 MB.

Unloading 45 unused Assets to reduce memory usage. Loaded Objects now: 2829.
Total: 3.623300 ms (FindLiveObjects: 0.382000 ms CreateObjectMapping: 0.199200 ms MarkObjects: 2.472200 ms  DeleteObjects: 0.568600 ms)

========================================================================
Received Prepare
Registering precompiled user dll's ...
Registered in 0.003635 seconds.
Begin MonoManager ReloadAssembly
Native extension for WindowsStandalone target not found
Native extension for WebGL target not found
Refreshing native plugins compatible for Editor in 0.73 ms, found 1 plugins.
Preloading 0 native plugins for Editor in 0.00 ms.
Mono: successfully reloaded assembly
- Completed reload, in  1.574 seconds
Platform modules already initialized, skipping
Refreshing native plugins compatible for Editor in 1.47 ms, found 1 plugins.
Preloading 0 native plugins for Editor in 0.00 ms.
Unloading 2234 Unused Serialized files (Serialized files now loaded: 0)
System memory in use before: 103.5 MB.
System memory in use after: 103.0 MB.

Unloading 45 unused Assets to reduce memory usage. Loaded Objects now: 2833.
Total: 3.931600 ms (FindLiveObjects: 0.341700 ms CreateObjectMapping: 0.143900 ms MarkObjects: 2.870000 ms  DeleteObjects: 0.574400 ms)

========================================================================
Received Prepare
Registering precompiled user dll's ...
Registered in 0.007417 seconds.
Begin MonoManager ReloadAssembly
Native extension for WindowsStandalone target not found
Native extension for WebGL target not found
Refreshing native plugins compatible for Editor in 0.80 ms, found 1 plugins.
Preloading 0 native plugins for Editor in 0.00 ms.
Mono: successfully reloaded assembly
- Completed reload, in  1.536 seconds
Platform modules already initialized, skipping
Refreshing native plugins compatible for Editor in 1.34 ms, found 1 plugins.
Preloading 0 native plugins for Editor in 0.00 ms.
Unloading 2234 Unused Serialized files (Serialized files now loaded: 0)
System memory in use before: 103.5 MB.
System memory in use after: 103.0 MB.

Unloading 45 unused Assets to reduce memory usage. Loaded Objects now: 2837.
Total: 3.623400 ms (FindLiveObjects: 0.369500 ms CreateObjectMapping: 0.129000 ms MarkObjects: 2.376600 ms  DeleteObjects: 0.746600 ms)

========================================================================
Received Prepare
Registering precompiled user dll's ...
Registered in 0.005668 seconds.
Begin MonoManager ReloadAssembly
Native extension for WindowsStandalone target not found
Native extension for WebGL target not found
Refreshing native plugins compatible for Editor in 0.70 ms, found 1 plugins.
Preloading 0 native plugins for Editor in 0.00 ms.
Mono: successfully reloaded assembly
- Completed reload, in  1.603 seconds
Platform modules already initialized, skipping
Refreshing native plugins compatible for Editor in 1.43 ms, found 1 plugins.
Preloading 0 native plugins for Editor in 0.00 ms.
Unloading 2234 Unused Serialized files (Serialized files now loaded: 0)
System memory in use before: 103.5 MB.
System memory in use after: 103.0 MB.

Unloading 45 unused Assets to reduce memory usage. Loaded Objects now: 2841.
Total: 3.408100 ms (FindLiveObjects: 0.308100 ms CreateObjectMapping: 0.117100 ms MarkObjects: 2.366500 ms  DeleteObjects: 0.615100 ms)

========================================================================
Received Prepare
Registering precompiled user dll's ...
Registered in 0.003699 seconds.
Begin MonoManager ReloadAssembly
Native extension for WindowsStandalone target not found
Native extension for WebGL target not found
Refreshing native plugins compatible for Editor in 0.77 ms, found 1 plugins.
Preloading 0 native plugins for Editor in 0.00 ms.
Mono: successfully reloaded assembly
- Completed reload, in  1.411 seconds
Platform modules already initialized, skipping
Refreshing native plugins compatible for Editor in 1.56 ms, found 1 plugins.
Preloading 0 native plugins for Editor in 0.00 ms.
Unloading 2234 Unused Serialized files (Serialized files now loaded: 0)
System memory in use before: 103.6 MB.
System memory in use after: 103.0 MB.

Unloading 45 unused Assets to reduce memory usage. Loaded Objects now: 2845.
Total: 3.547300 ms (FindLiveObjects: 0.313200 ms CreateObjectMapping: 0.128000 ms MarkObjects: 2.479600 ms  DeleteObjects: 0.624700 ms)

========================================================================
Received Prepare
Registering precompiled user dll's ...
Registered in 0.003592 seconds.
Begin MonoManager ReloadAssembly
Native extension for WindowsStandalone target not found
Native extension for WebGL target not found
Refreshing native plugins compatible for Editor in 0.70 ms, found 1 plugins.
Preloading 0 native plugins for Editor in 0.00 ms.
Mono: successfully reloaded assembly
- Completed reload, in  1.457 seconds
Platform modules already initialized, skipping
Refreshing native plugins compatible for Editor in 1.53 ms, found 1 plugins.
Preloading 0 native plugins for Editor in 0.00 ms.
Unloading 2234 Unused Serialized files (Serialized files now loaded: 0)
System memory in use before: 103.6 MB.
System memory in use after: 103.0 MB.

Unloading 45 unused Assets to reduce memory usage. Loaded Objects now: 2849.
Total: 3.773600 ms (FindLiveObjects: 0.508100 ms CreateObjectMapping: 0.161600 ms MarkObjects: 2.538700 ms  DeleteObjects: 0.562700 ms)

========================================================================
Received Import Request.
  Time since last request: 2266.021212 seconds.
  path: Assets/Audio/pacman_chomp.wav
  artifactKey: Guid(948520fe07bbbd241b645557e21f1091) Importer(815301076,1909f56bfc062723c751e8b465ee728b)
Start importing Assets/Audio/pacman_chomp.wav using Guid(948520fe07bbbd241b645557e21f1091) Importer(815301076,1909f56bfc062723c751e8b465ee728b)  -> (artifact id: 'd6f7fe66a6dd4210ac4451de2bc345a1') in 3.248114 seconds
  Import took 3.457457 seconds .

========================================================================
Received Prepare
Registering precompiled user dll's ...
Registered in 0.004093 seconds.
Begin MonoManager ReloadAssembly
Native extension for WindowsStandalone target not found
Native extension for WebGL target not found
Refreshing native plugins compatible for Editor in 1.18 ms, found 1 plugins.
Preloading 0 native plugins for Editor in 0.00 ms.
Mono: successfully reloaded assembly
- Completed reload, in  1.633 seconds
Platform modules already initialized, skipping
Refreshing native plugins compatible for Editor in 10.77 ms, found 1 plugins.
Preloading 0 native plugins for Editor in 0.00 ms.
Unloading 2234 Unused Serialized files (Serialized files now loaded: 0)
System memory in use before: 103.6 MB.
System memory in use after: 103.0 MB.

Unloading 45 unused Assets to reduce memory usage. Loaded Objects now: 2854.
Total: 4.776400 ms (FindLiveObjects: 0.631800 ms CreateObjectMapping: 0.225900 ms MarkObjects: 3.221000 ms  DeleteObjects: 0.694800 ms)

========================================================================
Received Prepare
Registering precompiled user dll's ...
Registered in 0.009629 seconds.
Begin MonoManager ReloadAssembly
Native extension for WindowsStandalone target not found
Native extension for WebGL target not found
Refreshing native plugins compatible for Editor in 0.80 ms, found 1 plugins.
Preloading 0 native plugins for Editor in 0.00 ms.
Mono: successfully reloaded assembly
- Completed reload, in  1.582 seconds
Platform modules already initialized, skipping
Refreshing native plugins compatible for Editor in 3.11 ms, found 1 plugins.
Preloading 0 native plugins for Editor in 0.00 ms.
Unloading 2234 Unused Serialized files (Serialized files now loaded: 0)
System memory in use before: 103.6 MB.
System memory in use after: 103.0 MB.

Unloading 45 unused Assets to reduce memory usage. Loaded Objects now: 2858.
Total: 6.306000 ms (FindLiveObjects: 0.695600 ms CreateObjectMapping: 0.225100 ms MarkObjects: 4.581400 ms  DeleteObjects: 0.801000 ms)

========================================================================
Received Prepare
Registering precompiled user dll's ...
Registered in 0.003578 seconds.
Begin MonoManager ReloadAssembly
Native extension for WindowsStandalone target not found
Native extension for WebGL target not found
Refreshing native plugins compatible for Editor in 0.83 ms, found 1 plugins.
Preloading 0 native plugins for Editor in 0.00 ms.
Mono: successfully reloaded assembly
- Completed reload, in  1.434 seconds
Platform modules already initialized, skipping
Refreshing native plugins compatible for Editor in 1.36 ms, found 1 plugins.
Preloading 0 native plugins for Editor in 0.00 ms.
Unloading 2234 Unused Serialized files (Serialized files now loaded: 0)
System memory in use before: 103.6 MB.
System memory in use after: 103.1 MB.

Unloading 45 unused Assets to reduce memory usage. Loaded Objects now: 2862.
Total: 3.628500 ms (FindLiveObjects: 0.357500 ms CreateObjectMapping: 0.126000 ms MarkObjects: 2.596800 ms  DeleteObjects: 0.546700 ms)

========================================================================
Received Prepare
Registering precompiled user dll's ...
Registered in 0.006781 seconds.
Begin MonoManager ReloadAssembly
Native extension for WindowsStandalone target not found
Native extension for WebGL target not found
Refreshing native plugins compatible for Editor in 0.95 ms, found 1 plugins.
Preloading 0 native plugins for Editor in 0.00 ms.
Mono: successfully reloaded assembly
- Completed reload, in  1.601 seconds
Platform modules already initialized, skipping
Refreshing native plugins compatible for Editor in 2.37 ms, found 1 plugins.
Preloading 0 native plugins for Editor in 0.00 ms.
Unloading 2234 Unused Serialized files (Serialized files now loaded: 0)
System memory in use before: 103.6 MB.
System memory in use after: 103.1 MB.

Unloading 45 unused Assets to reduce memory usage. Loaded Objects now: 2866.
Total: 10.027400 ms (FindLiveObjects: 0.585800 ms CreateObjectMapping: 0.228500 ms MarkObjects: 7.866000 ms  DeleteObjects: 1.344200 ms)

========================================================================
Received Prepare
Registering precompiled user dll's ...
Registered in 0.003757 seconds.
Begin MonoManager ReloadAssembly
Native extension for WindowsStandalone target not found
Native extension for WebGL target not found
Refreshing native plugins compatible for Editor in 0.87 ms, found 1 plugins.
Preloading 0 native plugins for Editor in 0.00 ms.
Mono: successfully reloaded assembly
- Completed reload, in  1.333 seconds
Platform modules already initialized, skipping
Refreshing native plugins compatible for Editor in 1.66 ms, found 1 plugins.
Preloading 0 native plugins for Editor in 0.00 ms.
Unloading 2234 Unused Serialized files (Serialized files now loaded: 0)
System memory in use before: 103.6 MB.
System memory in use after: 103.1 MB.

Unloading 45 unused Assets to reduce memory usage. Loaded Objects now: 2870.
Total: 4.082300 ms (FindLiveObjects: 0.316800 ms CreateObjectMapping: 0.127000 ms MarkObjects: 3.102100 ms  DeleteObjects: 0.535100 ms)

========================================================================
Received Prepare
Registering precompiled user dll's ...
Registered in 0.003493 seconds.
Begin MonoManager ReloadAssembly
Native extension for WindowsStandalone target not found
Native extension for WebGL target not found
Refreshing native plugins compatible for Editor in 3.47 ms, found 1 plugins.
Preloading 0 native plugins for Editor in 0.00 ms.
Mono: successfully reloaded assembly
- Completed reload, in  4.777 seconds
Platform modules already initialized, skipping
Refreshing native plugins compatible for Editor in 2.18 ms, found 1 plugins.
Preloading 0 native plugins for Editor in 0.00 ms.
Unloading 2234 Unused Serialized files (Serialized files now loaded: 0)
System memory in use before: 103.6 MB.
System memory in use after: 103.1 MB.

Unloading 45 unused Assets to reduce memory usage. Loaded Objects now: 2874.
Total: 6.895800 ms (FindLiveObjects: 0.568300 ms CreateObjectMapping: 0.217900 ms MarkObjects: 5.223600 ms  DeleteObjects: 0.882900 ms)

========================================================================
Received Prepare
Registering precompiled user dll's ...
Registered in 0.010164 seconds.
Begin MonoManager ReloadAssembly
Native extension for WindowsStandalone target not found
Native extension for WebGL target not found
Refreshing native plugins compatible for Editor in 0.90 ms, found 1 plugins.
Preloading 0 native plugins for Editor in 0.00 ms.
Mono: successfully reloaded assembly
- Completed reload, in  7.040 seconds
Platform modules already initialized, skipping
Refreshing native plugins compatible for Editor in 22.59 ms, found 1 plugins.
Preloading 0 native plugins for Editor in 0.00 ms.
Unloading 2269 Unused Serialized files (Serialized files now loaded: 0)
System memory in use before: 104.7 MB.
System memory in use after: 104.2 MB.

Unloading 46 unused Assets to reduce memory usage. Loaded Objects now: 2912.
Total: 11.542200 ms (FindLiveObjects: 0.571800 ms CreateObjectMapping: 0.218100 ms MarkObjects: 9.644600 ms  DeleteObjects: 1.103200 ms)

AssetImportWorkerClient::OnTransportError - code=2 error=End of file
